<testsuites name="jest tests" tests="8" failures="8" time="1.077">
  <testsuite name="Overall application tests" errors="0" failures="8" skipped="0" timestamp="2023-04-23T14:23:40" time="1.077" tests="8">
    <testcase classname="Overall application tests Should display the complete list of students with full name in the dropdown" name="Overall application tests Should display the complete list of students with full name in the dropdown" time="0.051">
      <failure>Error: expect(received).toEqual(expected)

Expected value to equal:
  13
Received:
  0
    at Object.it (/projects/challenge/src/App.test.js:77:28)
    at Object.asyncFn (/projects/challenge/node_modules/jest-jasmine2/build/jasmine-async.js:68:30)
    at resolve (/projects/challenge/node_modules/jest-jasmine2/build/queueRunner.js:38:12)
    at new Promise (&lt;anonymous&gt;)
    at mapper (/projects/challenge/node_modules/jest-jasmine2/build/queueRunner.js:31:21)
    at Promise.resolve.then.el (/projects/challenge/node_modules/p-map/index.js:46:16)
    at &lt;anonymous&gt;</failure>
      <failure>TypeError: Cannot read property &apos;mockClear&apos; of undefined
    at Object.afterEach (/projects/challenge/src/App.test.js:71:22)
    at Object.asyncFn (/projects/challenge/node_modules/jest-jasmine2/build/jasmine-async.js:38:30)
    at resolve (/projects/challenge/node_modules/jest-jasmine2/build/queueRunner.js:38:12)
    at new Promise (&lt;anonymous&gt;)
    at mapper (/projects/challenge/node_modules/jest-jasmine2/build/queueRunner.js:31:21)
    at Promise.resolve.then.el (/projects/challenge/node_modules/p-map/index.js:46:16)
    at &lt;anonymous&gt;</failure>
    </testcase>
    <testcase classname="Overall application tests Should call getStudents only once" name="Overall application tests Should call getStudents only once" time="0.007">
      <failure>Error: expect(jest.fn())[.not].toHaveBeenCalledTimes()

jest.fn() value must be a mock function or spy.
Received: undefined
    at Object.it (/projects/challenge/src/App.test.js:91:30)
    at Object.asyncFn (/projects/challenge/node_modules/jest-jasmine2/build/jasmine-async.js:68:30)
    at resolve (/projects/challenge/node_modules/jest-jasmine2/build/queueRunner.js:38:12)
    at new Promise (&lt;anonymous&gt;)
    at mapper (/projects/challenge/node_modules/jest-jasmine2/build/queueRunner.js:31:21)
    at Promise.resolve.then.el (/projects/challenge/node_modules/p-map/index.js:46:16)
    at &lt;anonymous&gt;</failure>
      <failure>TypeError: Cannot read property &apos;mockClear&apos; of undefined
    at Object.afterEach (/projects/challenge/src/App.test.js:71:22)
    at Object.asyncFn (/projects/challenge/node_modules/jest-jasmine2/build/jasmine-async.js:38:30)
    at resolve (/projects/challenge/node_modules/jest-jasmine2/build/queueRunner.js:38:12)
    at new Promise (&lt;anonymous&gt;)
    at mapper (/projects/challenge/node_modules/jest-jasmine2/build/queueRunner.js:31:21)
    at Promise.resolve.then.el (/projects/challenge/node_modules/p-map/index.js:46:16)
    at &lt;anonymous&gt;</failure>
    </testcase>
    <testcase classname="Selecting a student tests should display the selected student&apos;s name, student number, email, and registration date" name="Selecting a student tests should display the selected student&apos;s name, student number, email, and registration date" time="0.004">
      <failure>TypeError: Cannot read property &apos;value&apos; of undefined
    at Object.done (/projects/challenge/src/App.test.js:130:42)
    at resolve (/projects/challenge/node_modules/jest-jasmine2/build/queueRunner.js:38:12)
    at new Promise (&lt;anonymous&gt;)
    at mapper (/projects/challenge/node_modules/jest-jasmine2/build/queueRunner.js:31:21)
    at Promise.resolve.then.el (/projects/challenge/node_modules/p-map/index.js:46:16)
    at &lt;anonymous&gt;</failure>
      <failure>TypeError: Cannot read property &apos;mockClear&apos; of undefined
    at Object.afterEach (/projects/challenge/src/App.test.js:110:22)
    at Object.asyncFn (/projects/challenge/node_modules/jest-jasmine2/build/jasmine-async.js:38:30)
    at resolve (/projects/challenge/node_modules/jest-jasmine2/build/queueRunner.js:38:12)
    at new Promise (&lt;anonymous&gt;)
    at mapper (/projects/challenge/node_modules/jest-jasmine2/build/queueRunner.js:31:21)
    at Promise.resolve.then.el (/projects/challenge/node_modules/p-map/index.js:46:16)
    at &lt;anonymous&gt;</failure>
    </testcase>
    <testcase classname="Selecting a student tests should display the selected student&apos;s courses with the name, instructor, and credits - exact format" name="Selecting a student tests should display the selected student&apos;s courses with the name, instructor, and credits - exact format" time="0.003">
      <failure>TypeError: Cannot read property &apos;value&apos; of undefined
    at Object.done (/projects/challenge/src/App.test.js:205:42)
    at resolve (/projects/challenge/node_modules/jest-jasmine2/build/queueRunner.js:38:12)
    at new Promise (&lt;anonymous&gt;)
    at mapper (/projects/challenge/node_modules/jest-jasmine2/build/queueRunner.js:31:21)
    at Promise.resolve.then.el (/projects/challenge/node_modules/p-map/index.js:46:16)
    at &lt;anonymous&gt;</failure>
      <failure>TypeError: Cannot read property &apos;mockClear&apos; of undefined
    at Object.afterEach (/projects/challenge/src/App.test.js:110:22)
    at Object.asyncFn (/projects/challenge/node_modules/jest-jasmine2/build/jasmine-async.js:38:30)
    at resolve (/projects/challenge/node_modules/jest-jasmine2/build/queueRunner.js:38:12)
    at new Promise (&lt;anonymous&gt;)
    at mapper (/projects/challenge/node_modules/jest-jasmine2/build/queueRunner.js:31:21)
    at Promise.resolve.then.el (/projects/challenge/node_modules/p-map/index.js:46:16)
    at &lt;anonymous&gt;</failure>
    </testcase>
    <testcase classname="Selecting a student tests should display the selected student&apos;s courses in alphabetical order by course name" name="Selecting a student tests should display the selected student&apos;s courses in alphabetical order by course name" time="0.003">
      <failure>TypeError: Cannot read property &apos;value&apos; of undefined
    at Object.done (/projects/challenge/src/App.test.js:278:42)
    at resolve (/projects/challenge/node_modules/jest-jasmine2/build/queueRunner.js:38:12)
    at new Promise (&lt;anonymous&gt;)
    at mapper (/projects/challenge/node_modules/jest-jasmine2/build/queueRunner.js:31:21)
    at Promise.resolve.then.el (/projects/challenge/node_modules/p-map/index.js:46:16)
    at &lt;anonymous&gt;</failure>
      <failure>TypeError: Cannot read property &apos;mockClear&apos; of undefined
    at Object.afterEach (/projects/challenge/src/App.test.js:110:22)
    at Object.asyncFn (/projects/challenge/node_modules/jest-jasmine2/build/jasmine-async.js:38:30)
    at resolve (/projects/challenge/node_modules/jest-jasmine2/build/queueRunner.js:38:12)
    at new Promise (&lt;anonymous&gt;)
    at mapper (/projects/challenge/node_modules/jest-jasmine2/build/queueRunner.js:31:21)
    at Promise.resolve.then.el (/projects/challenge/node_modules/p-map/index.js:46:16)
    at &lt;anonymous&gt;</failure>
    </testcase>
    <testcase classname="Selecting a student tests should call getCoursesForStudent only once" name="Selecting a student tests should call getCoursesForStudent only once" time="0.003">
      <failure>TypeError: Cannot read property &apos;value&apos; of undefined
    at Object.done (/projects/challenge/src/App.test.js:307:42)
    at resolve (/projects/challenge/node_modules/jest-jasmine2/build/queueRunner.js:38:12)
    at new Promise (&lt;anonymous&gt;)
    at mapper (/projects/challenge/node_modules/jest-jasmine2/build/queueRunner.js:31:21)
    at Promise.resolve.then.el (/projects/challenge/node_modules/p-map/index.js:46:16)
    at &lt;anonymous&gt;</failure>
      <failure>TypeError: Cannot read property &apos;mockClear&apos; of undefined
    at Object.afterEach (/projects/challenge/src/App.test.js:110:22)
    at Object.asyncFn (/projects/challenge/node_modules/jest-jasmine2/build/jasmine-async.js:38:30)
    at resolve (/projects/challenge/node_modules/jest-jasmine2/build/queueRunner.js:38:12)
    at new Promise (&lt;anonymous&gt;)
    at mapper (/projects/challenge/node_modules/jest-jasmine2/build/queueRunner.js:31:21)
    at Promise.resolve.then.el (/projects/challenge/node_modules/p-map/index.js:46:16)
    at &lt;anonymous&gt;</failure>
    </testcase>
    <testcase classname="No selection tests should not display student info when no student is selected" name="No selection tests should not display student info when no student is selected" time="0.003">
      <failure>Error: expect(received).toEqual(expected)

Expected value to equal:
  11
Received:
  0
    at Object.it (/projects/challenge/src/App.test.js:345:28)
    at Object.asyncFn (/projects/challenge/node_modules/jest-jasmine2/build/jasmine-async.js:68:30)
    at resolve (/projects/challenge/node_modules/jest-jasmine2/build/queueRunner.js:38:12)
    at new Promise (&lt;anonymous&gt;)
    at mapper (/projects/challenge/node_modules/jest-jasmine2/build/queueRunner.js:31:21)
    at Promise.resolve.then.el (/projects/challenge/node_modules/p-map/index.js:46:16)
    at &lt;anonymous&gt;</failure>
      <failure>TypeError: Cannot read property &apos;mockClear&apos; of undefined
    at Object.afterEach (/projects/challenge/src/App.test.js:337:22)
    at Object.asyncFn (/projects/challenge/node_modules/jest-jasmine2/build/jasmine-async.js:38:30)
    at resolve (/projects/challenge/node_modules/jest-jasmine2/build/queueRunner.js:38:12)
    at new Promise (&lt;anonymous&gt;)
    at mapper (/projects/challenge/node_modules/jest-jasmine2/build/queueRunner.js:31:21)
    at Promise.resolve.then.el (/projects/challenge/node_modules/p-map/index.js:46:16)
    at &lt;anonymous&gt;</failure>
    </testcase>
    <testcase classname="No selection tests should not display student courses list when no student is selected" name="No selection tests should not display student courses list when no student is selected" time="0.003">
      <failure>Error: expect(received).toEqual(expected)

Expected value to equal:
  18
Received:
  0
    at Object.it (/projects/challenge/src/App.test.js:358:28)
    at Object.asyncFn (/projects/challenge/node_modules/jest-jasmine2/build/jasmine-async.js:68:30)
    at resolve (/projects/challenge/node_modules/jest-jasmine2/build/queueRunner.js:38:12)
    at new Promise (&lt;anonymous&gt;)
    at mapper (/projects/challenge/node_modules/jest-jasmine2/build/queueRunner.js:31:21)
    at Promise.resolve.then.el (/projects/challenge/node_modules/p-map/index.js:46:16)
    at &lt;anonymous&gt;</failure>
      <failure>TypeError: Cannot read property &apos;mockClear&apos; of undefined
    at Object.afterEach (/projects/challenge/src/App.test.js:337:22)
    at Object.asyncFn (/projects/challenge/node_modules/jest-jasmine2/build/jasmine-async.js:38:30)
    at resolve (/projects/challenge/node_modules/jest-jasmine2/build/queueRunner.js:38:12)
    at new Promise (&lt;anonymous&gt;)
    at mapper (/projects/challenge/node_modules/jest-jasmine2/build/queueRunner.js:31:21)
    at Promise.resolve.then.el (/projects/challenge/node_modules/p-map/index.js:46:16)
    at &lt;anonymous&gt;</failure>
    </testcase>
  </testsuite>
</testsuites>